c:\users\wicke\desktop\programming\programmingass2\programmingass2\debug\vc142.pdb
c:\users\wicke\desktop\programming\programmingass2\programmingass2\debug\vc142.idb
c:\users\wicke\desktop\programming\programmingass2\programmingass2\debug\programmingass2.obj
c:\users\wicke\desktop\programming\programmingass2\programmingass2\debug\anagrammodel.obj
c:\users\wicke\desktop\programming\programmingass2\debug\programmingass2.exe
c:\users\wicke\desktop\programming\programmingass2\programmingass2\debug\programmingass2.ilk
c:\users\wicke\desktop\programming\programmingass2\debug\programmingass2.pdb
d:\programmablecodethatneedscode\programming\programmingass2\programmingass2\debug\anagrammodel.obj
d:\programmablecodethatneedscode\programming\programmingass2\programmingass2\debug\programmingass2.obj
d:\programmablecodethatneedscode\programming\programmingass2\programmingass2\debug\programmingass2.ilk
d:\programmablecodethatneedscode\programming\programmingass2\programmingass2\debug\vc142.idb
d:\programmablecodethatneedscode\programming\programmingass2\programmingass2\debug\vc142.pdb
d:\programmablecodethatneedscode\programming\programmingass2\debug\programmingass2.pdb
d:\programmablecodethatneedscode\programming\programmingass2\debug\programmingass2.exe
d:\programmablecodethatneedscode\programming\programmingass2\programmingass2\debug\programmingass2.tlog\cl.command.1.tlog
d:\programmablecodethatneedscode\programming\programmingass2\programmingass2\debug\programmingass2.tlog\cl.read.1.tlog
d:\programmablecodethatneedscode\programming\programmingass2\programmingass2\debug\programmingass2.tlog\cl.write.1.tlog
d:\programmablecodethatneedscode\programming\programmingass2\programmingass2\debug\programmingass2.tlog\link.command.1.tlog
d:\programmablecodethatneedscode\programming\programmingass2\programmingass2\debug\programmingass2.tlog\link.read.1.tlog
d:\programmablecodethatneedscode\programming\programmingass2\programmingass2\debug\programmingass2.tlog\link.write.1.tlog
